00:00:00.478397 VirtualBox GUI VM Selector Window 6.0.8 r130347 linux.amd64 (May 15 2019 09:04:27) release log
00:00:00.478400 Log opened 2019-05-30T18:46:16.910847000Z
00:00:00.478400 Build Type: release
00:00:00.478403 OS Product: Linux
00:00:00.478404 OS Release: 4.19.45-1-MANJARO
00:00:00.478405 OS Version: #1 SMP PREEMPT Wed May 22 17:16:41 UTC 2019
00:00:00.478425 DMI Product Name: XPS 13 9370
00:00:00.478433 DMI Product Version: 
00:00:00.478472 Host RAM: 15739MB (15.3GB) total, 13304MB (12.9GB) available
00:00:00.478476 Executable: /usr/lib/virtualbox/VirtualBox
00:00:00.478476 Process ID: 1174
00:00:00.478477 Package type: LINUX_64BITS_GENERIC (OSE)
00:00:00.478501 Qt version: 5.12.3
00:00:00.498835 GUI: UIMediumEnumerator: Medium-enumeration started...
00:00:00.909124 GUI: UIDesktopWidgetWatchdog::sltHandleHostScreenAvailableGeometryCalculated: Screen 0 work area is actually resized to: 0x27 x 1920x1053
00:00:00.979633 GUI: UIMediumEnumerator: Medium-enumeration finished!
00:00:03.254649 GUI: UIMediumEnumerator: Medium-enumeration started...
00:00:03.342640 GUI: UIMediumEnumerator: Medium-enumeration finished!
00:00:28.489043 GUI: UIMediumEnumerator: Medium with key={{d661f976-067e-4dbb-9bec-88e8ad623d20}} created
00:00:28.713060 GUI: UIMediumEnumerator: Medium-enumeration finished!
00:00:30.452656 GUI: UIMediumEnumerator: Medium-enumeration started...
00:00:31.076692 2D support test succeeded
00:00:31.303458 GUI: UIMediumEnumerator: Medium-enumeration finished!
00:01:00.864442 GUI: UIMediumEnumerator: Medium with key={{14d9362c-6fbf-487b-889e-6d32a1dcef3e}} created
00:01:05.295648 GUI: UIMediumEnumerator: Medium-enumeration finished!
00:16:57.578131 GUI: UIMediumEnumerator: Medium-enumeration finished!
00:54:23.534209 GUI: UIMediumEnumerator: Medium-enumeration finished!
